<?xml version="1.0" encoding="UTF-8" ?>
<testsuite tests="2" failures="1" name="testunit.CalculatorTest" time="0.015" errors="0" skipped="0">
  <properties>
[...]
</properties>
  <testcase classname="testunit.CalculatorTest" name="tesSubMethod" time="0.015">
    <failure message="expected [15] but found [5]" type="java.lang.AssertionError">java.lang.AssertionError: expected [15] but found [5]
	at org.testng.Assert.fail(Assert.java:94)
	at org.testng.Assert.failNotEquals(Assert.java:494)
	at org.testng.Assert.assertEquals(Assert.java:123)
	at org.testng.Assert.assertEquals(Assert.java:370)
	at org.testng.Assert.assertEquals(Assert.java:380)
	at testunit.CalculatorTest.tesSubMethod(CalculatorTest.java:24)
</failure>
    <system-out>Configuring TestNG with: org.apache.maven.surefire.testng.conf.TestNG652Configurator@1b9e1916
15
</system-out>
  </testcase>
  <testcase classname="testunit.CalculatorTest" name="testAddMethod" time="0"/>
</testsuite>